{
  "stats": {
    "suites": 1,
    "tests": 3,
    "passes": 3,
    "pending": 0,
    "failures": 0,
    "start": "2023-05-26T01:45:28.135Z",
    "end": "2023-05-26T01:45:35.166Z",
    "duration": 7031,
    "testsRegistered": 3,
    "passPercent": 100,
    "pendingPercent": 0,
    "other": 0,
    "hasOther": false,
    "skipped": 0,
    "hasSkipped": false
  },
  "results": [
    {
      "uuid": "52778338-a66f-4475-b335-2bfe5d49b576",
      "title": "",
      "fullFile": "cypress\\e2e\\3-aluraPic\\alurapic.cy.js",
      "file": "cypress\\e2e\\3-aluraPic\\alurapic.cy.js",
      "beforeHooks": [],
      "afterHooks": [],
      "tests": [],
      "suites": [
        {
          "uuid": "2611c248-8b23-46d6-9167-b67228494508",
          "title": "Login e Registro de usuários AluraPic",
          "fullFile": "",
          "file": "",
          "beforeHooks": [],
          "afterHooks": [],
          "tests": [
            {
              "title": "Verifica mensagens validação",
              "fullTitle": "Login e Registro de usuários AluraPic Verifica mensagens validação",
              "timedOut": null,
              "duration": 2216,
              "state": "passed",
              "speed": "fast",
              "pass": true,
              "fail": false,
              "pending": false,
              "context": null,
              "code": "cy.contains('a', 'Register now').click();\ncy.contains('button', 'Register').click();\ncy.contains('ap-vmessage', 'Email is required!').should('be.visible');\ncy.contains('button', 'Register').click();\ncy.contains('ap-vmessage', 'Full name is required!').should('be.visible');\ncy.contains('ap-vmessage', 'User name is required!').should('be.visible');\ncy.contains('ap-vmessage', 'Password is required!').should('be.visible');",
              "err": {},
              "uuid": "345ae4b7-7ad7-4e73-a34a-382ab6edd664",
              "parentUUID": "2611c248-8b23-46d6-9167-b67228494508",
              "isHook": false,
              "skipped": false
            },
            {
              "title": "Verifica mensagem de e-mail inválido",
              "fullTitle": "Login e Registro de usuários AluraPic Verifica mensagem de e-mail inválido",
              "timedOut": null,
              "duration": 1150,
              "state": "passed",
              "speed": "fast",
              "pass": true,
              "fail": false,
              "pending": false,
              "context": null,
              "code": "cy.contains('a', 'Register now').click();\ncy.contains('button', 'Register').click();\ncy.get('input[formcontrolname=\"email\"]').type('fernando');\ncy.contains('ap-vmessage', 'Invalid e-mail').should('be.visible');",
              "err": {},
              "uuid": "81677d49-4bd4-4083-813c-73eb6c40a9ca",
              "parentUUID": "2611c248-8b23-46d6-9167-b67228494508",
              "isHook": false,
              "skipped": false
            },
            {
              "title": "Verifica mensagem de senha com menos de 8 caracteres",
              "fullTitle": "Login e Registro de usuários AluraPic Verifica mensagem de senha com menos de 8 caracteres",
              "timedOut": null,
              "duration": 1184,
              "state": "passed",
              "speed": "fast",
              "pass": true,
              "fail": false,
              "pending": false,
              "context": null,
              "code": "cy.contains('a', 'Register now').click();\ncy.contains('button', 'Register').click();\ncy.get('input[formcontrolname=\"password\"]').type('12345');\ncy.contains('button', 'Register').click();\ncy.contains('ap-vmessage', 'Mininum length is 8').should('be.visible');",
              "err": {},
              "uuid": "a8e71fac-e201-450d-8f52-2242f618a711",
              "parentUUID": "2611c248-8b23-46d6-9167-b67228494508",
              "isHook": false,
              "skipped": false
            }
          ],
          "suites": [],
          "passes": [
            "345ae4b7-7ad7-4e73-a34a-382ab6edd664",
            "81677d49-4bd4-4083-813c-73eb6c40a9ca",
            "a8e71fac-e201-450d-8f52-2242f618a711"
          ],
          "failures": [],
          "pending": [],
          "skipped": [],
          "duration": 4550,
          "root": false,
          "rootEmpty": false,
          "_timeout": 2000
        }
      ],
      "passes": [],
      "failures": [],
      "pending": [],
      "skipped": [],
      "duration": 0,
      "root": true,
      "rootEmpty": true,
      "_timeout": 2000
    }
  ],
  "meta": {
    "mocha": {
      "version": "7.0.1"
    },
    "mochawesome": {
      "options": {
        "quiet": false,
        "reportFilename": "mochawesome",
        "saveHtml": true,
        "saveJson": true,
        "consoleReporter": "spec",
        "useInlineDiffs": false,
        "code": true
      },
      "version": "7.1.3"
    },
    "marge": {
      "options": null,
      "version": "6.2.0"
    }
  }
}